Result for running unit tests:
unittest1.c:
**********  TEST INITIALIZED - testSmithyRefactor  **********

expected cur player hand count **7**, actual **8**
	- FAIL
expected cur player deck count **2**, actual **1**
	- FAIL
expected other player hand count **0**, actual **0**
	- PASS
expected other player deck count **10**, actual **10**
	- PASS
expected supply pile 0 count **10**, actual **10**
	- PASS
expected supply pile 1 count **8**, actual **8**
	- PASS
expected supply pile 2 count **8**, actual **8**
	- PASS
expected supply pile 3 count **8**, actual **8**
	- PASS
expected supply pile 4 count **46**, actual **46**
	- PASS
expected supply pile 5 count **40**, actual **40**
	- PASS
expected supply pile 6 count **30**, actual **30**
	- PASS
expected supply pile 7 count **10**, actual **10**
	- PASS
expected supply pile 8 count **10**, actual **10**
	- PASS
expected supply pile 9 count **10**, actual **10**
	- PASS
expected supply pile 10 count **8**, actual **8**
	- PASS
expected supply pile 11 count **10**, actual **10**
	- PASS
expected supply pile 12 count **10**, actual **10**
	- PASS
expected supply pile 13 count **10**, actual **10**
	- PASS
expected supply pile 14 count **10**, actual **10**
	- PASS
expected supply pile 15 count **10**, actual **10**
	- PASS
expected supply pile 16 count **8**, actual **8**
	- PASS
expected supply pile 17 count **-1**, actual **-1**
	- PASS
expected supply pile 18 count **-1**, actual **-1**
	- PASS
expected supply pile 19 count **-1**, actual **-1**
	- PASS
expected supply pile 20 count **-1**, actual **-1**
	- PASS
expected supply pile 21 count **-1**, actual **-1**
	- PASS
expected supply pile 22 count **-1**, actual **-1**
	- PASS
expected supply pile 23 count **-1**, actual **-1**
	- PASS
expected supply pile 24 count **-1**, actual **-1**
	- PASS
expected supply pile 25 count **-1**, actual **-1**
	- PASS
expected supply pile 26 count **-1**, actual **-1**
	- PASS

**********  TEST RETURNS - -1  **********


unittest2.c:
**********  TEST INITIALIZED - testAdventurerRefactor  **********

expected cur player hand count **1**, actual **2**
	- FAIL
expected player deck count **0**, actual **0**
	- FAIL
expected other player hand count **0**, actual **0**
	- PASS
expected other player deck count **10**, actual **10**
	- PASS
expected supply pile 0 count **10**, actual **10**
	- PASS
expected supply pile 1 count **8**, actual **8**
	- PASS
expected supply pile 2 count **8**, actual **8**
	- PASS
expected supply pile 3 count **8**, actual **8**
	- PASS
expected supply pile 4 count **46**, actual **46**
	- PASS
expected supply pile 5 count **40**, actual **40**
	- PASS
expected supply pile 6 count **30**, actual **30**
	- PASS
expected supply pile 7 count **10**, actual **10**
	- PASS
expected supply pile 8 count **10**, actual **10**
	- PASS
expected supply pile 9 count **10**, actual **10**
	- PASS
expected supply pile 10 count **8**, actual **8**
	- PASS
expected supply pile 11 count **10**, actual **10**
	- PASS
expected supply pile 12 count **10**, actual **10**
	- PASS
expected supply pile 13 count **10**, actual **10**
	- PASS
expected supply pile 14 count **10**, actual **10**
	- PASS
expected supply pile 15 count **10**, actual **10**
	- PASS
expected supply pile 16 count **8**, actual **8**
	- PASS
expected supply pile 17 count **-1**, actual **-1**
	- PASS
expected supply pile 18 count **-1**, actual **-1**
	- PASS
expected supply pile 19 count **-1**, actual **-1**
	- PASS
expected supply pile 20 count **-1**, actual **-1**
	- PASS
expected supply pile 21 count **-1**, actual **-1**
	- PASS
expected supply pile 22 count **-1**, actual **-1**
	- PASS
expected supply pile 23 count **-1**, actual **-1**
	- PASS
expected supply pile 24 count **-1**, actual **-1**
	- PASS
expected supply pile 25 count **-1**, actual **-1**
	- PASS
expected supply pile 26 count **-1**, actual **-1**
	- PASS

**********  TEST RETURNS - -1  **********


unittest3.c:
**********  TEST INITIALIZED - testVillageRefactor  **********

expected cur player hand count **2**, actual **2**
	- PASS
expected cur player action count **2**, actual **1**
	- FAIL
expected player deck count **4**, actual **4**
	- PASS
expected other player hand count **0**, actual **0**
	- PASS
expected other player deck count **10**, actual **10**
	- PASS
expected supply pile 0 count **10**, actual **10**
	- PASS
expected supply pile 1 count **8**, actual **8**
	- PASS
expected supply pile 2 count **8**, actual **8**
	- PASS
expected supply pile 3 count **8**, actual **8**
	- PASS
expected supply pile 4 count **46**, actual **46**
	- PASS
expected supply pile 5 count **40**, actual **40**
	- PASS
expected supply pile 6 count **30**, actual **30**
	- PASS
expected supply pile 7 count **10**, actual **10**
	- PASS
expected supply pile 8 count **10**, actual **10**
	- PASS
expected supply pile 9 count **10**, actual **10**
	- PASS
expected supply pile 10 count **8**, actual **8**
	- PASS
expected supply pile 11 count **10**, actual **10**
	- PASS
expected supply pile 12 count **10**, actual **10**
	- PASS
expected supply pile 13 count **10**, actual **10**
	- PASS
expected supply pile 14 count **10**, actual **10**
	- PASS
expected supply pile 15 count **10**, actual **10**
	- PASS
expected supply pile 16 count **8**, actual **8**
	- PASS
expected supply pile 17 count **-1**, actual **-1**
	- PASS
expected supply pile 18 count **-1**, actual **-1**
	- PASS
expected supply pile 19 count **-1**, actual **-1**
	- PASS
expected supply pile 20 count **-1**, actual **-1**
	- PASS
expected supply pile 21 count **-1**, actual **-1**
	- PASS
expected supply pile 22 count **-1**, actual **-1**
	- PASS
expected supply pile 23 count **-1**, actual **-1**
	- PASS
expected supply pile 24 count **-1**, actual **-1**
	- PASS
expected supply pile 25 count **-1**, actual **-1**
	- PASS
expected supply pile 26 count **-1**, actual **-1**
	- PASS

**********  TEST RETURNS - -1  **********


unittest4.c:
